<?xml version="1.0" encoding="UTF-8"?>
<!-- Generated by org.testng.reporters.JUnitXMLReporter -->
<testsuite hostname="DESKTOP-ESGJ9GD" ignored="0" name="Default test" tests="3" failures="0" timestamp="2023-05-31T16:04:16 EDT" time="13.964" errors="0">
  <testcase name="validateAddCategoryItemIsVisibleOrNot" time="0.661" classname="test.ListItemsTest"/>
  <testcase name="validateCategoryCannotBeDuplicated" time="3.41" classname="test.ListItemsTest"/>
  <testcase name="validateMonthDropDownOptions" time="0.715" classname="test.ListItemsTest"/>
</testsuite> <!-- Default test -->
